<?xml version="1.0" encoding="UTF-8"?>
<!-- Generated by org.testng.reporters.JUnitReportReporter -->
<testsuite hostname="CLBLAP1222" name="com.brillio.testng.tests.SampleTest2" tests="1" failures="0" timestamp="13 Feb 2017 18:09:12 GMT" time="0.003" errors="0">
  <testcase name="verifySignIN" time="0.003" classname="com.brillio.testng.tests.SampleTest2"/>
</testsuite> <!-- com.brillio.testng.tests.SampleTest2 -->
